<?xml version="1.0" encoding="UTF-8"?>
<testng-results skipped="0" failed="1" ignored="0" total="2" passed="1">
  <reporter-output>
  </reporter-output>
  <suite name="Default suite" duration-ms="30572" started-at="2020-10-29T04:15:45Z" finished-at="2020-10-29T04:16:16Z">
    <groups>
    </groups>
    <test name="Default test" duration-ms="30572" started-at="2020-10-29T04:15:45Z" finished-at="2020-10-29T04:16:16Z">
      <class name="com.qa.testcases.test_checkout">
        <test-method status="PASS" signature="TestSetup()[pri:0, instance:com.qa.testcases.test_checkout@26653222]" name="TestSetup" is-config="true" duration-ms="12476" started-at="2020-10-29T09:45:45Z" finished-at="2020-10-29T09:45:58Z">
          <reporter-output>
          </reporter-output>
        </test-method> <!-- TestSetup -->
        <test-method status="PASS" signature="Logo_ImageTest()[pri:1, instance:com.qa.testcases.test_checkout@26653222]" name="Logo_ImageTest" duration-ms="211" started-at="2020-10-29T09:45:58Z" finished-at="2020-10-29T09:45:58Z">
          <reporter-output>
          </reporter-output>
        </test-method> <!-- Logo_ImageTest -->
        <test-method status="PASS" signature="teardown()[pri:0, instance:com.qa.testcases.test_checkout@26653222]" name="teardown" is-config="true" duration-ms="2456" started-at="2020-10-29T09:45:58Z" finished-at="2020-10-29T09:46:01Z">
          <reporter-output>
          </reporter-output>
        </test-method> <!-- teardown -->
        <test-method status="PASS" signature="TestSetup()[pri:0, instance:com.qa.testcases.test_checkout@26653222]" name="TestSetup" is-config="true" duration-ms="8709" started-at="2020-10-29T09:46:01Z" finished-at="2020-10-29T09:46:09Z">
          <reporter-output>
          </reporter-output>
        </test-method> <!-- TestSetup -->
        <test-method status="FAIL" signature="searchItem()[pri:2, instance:com.qa.testcases.test_checkout@26653222]" name="searchItem" duration-ms="4488" started-at="2020-10-29T09:46:09Z" finished-at="2020-10-29T09:46:14Z">
          <exception class="java.io.IOException">
            <message>
              <![CDATA[The filename, directory name, or volume label syntax is incorrect]]>
            </message>
            <full-stacktrace>
              <![CDATA[java.io.IOException: The filename, directory name, or volume label syntax is incorrect
	at java.io.WinNTFileSystem.createFileExclusively(Native Method)
	at java.io.File.createNewFile(Unknown Source)
	at com.qa.pages.Checkout_process.browse(Checkout_process.java:127)
	at com.qa.testcases.test_checkout.searchItem(test_checkout.java:48)
	at sun.reflect.NativeMethodAccessorImpl.invoke0(Native Method)
	at sun.reflect.NativeMethodAccessorImpl.invoke(Unknown Source)
	at sun.reflect.DelegatingMethodAccessorImpl.invoke(Unknown Source)
	at java.lang.reflect.Method.invoke(Unknown Source)
	at org.testng.internal.MethodInvocationHelper.invokeMethod(MethodInvocationHelper.java:108)
	at org.testng.internal.Invoker.invokeMethod(Invoker.java:661)
	at org.testng.internal.Invoker.invokeTestMethod(Invoker.java:869)
	at org.testng.internal.Invoker.invokeTestMethods(Invoker.java:1193)
	at org.testng.internal.TestMethodWorker.invokeTestMethods(TestMethodWorker.java:126)
	at org.testng.internal.TestMethodWorker.run(TestMethodWorker.java:109)
	at org.testng.TestRunner.privateRun(TestRunner.java:744)
	at org.testng.TestRunner.run(TestRunner.java:602)
	at org.testng.SuiteRunner.runTest(SuiteRunner.java:380)
	at org.testng.SuiteRunner.runSequentially(SuiteRunner.java:375)
	at org.testng.SuiteRunner.privateRun(SuiteRunner.java:340)
	at org.testng.SuiteRunner.run(SuiteRunner.java:289)
	at org.testng.SuiteRunnerWorker.runSuite(SuiteRunnerWorker.java:52)
	at org.testng.SuiteRunnerWorker.run(SuiteRunnerWorker.java:86)
	at org.testng.TestNG.runSuitesSequentially(TestNG.java:1301)
	at org.testng.TestNG.runSuitesLocally(TestNG.java:1226)
	at org.testng.TestNG.runSuites(TestNG.java:1144)
	at org.testng.TestNG.run(TestNG.java:1115)
	at org.testng.remote.AbstractRemoteTestNG.run(AbstractRemoteTestNG.java:114)
	at org.testng.remote.RemoteTestNG.initAndRun(RemoteTestNG.java:251)
	at org.testng.remote.RemoteTestNG.main(RemoteTestNG.java:77)
]]>
            </full-stacktrace>
          </exception> <!-- java.io.IOException -->
          <reporter-output>
          </reporter-output>
        </test-method> <!-- searchItem -->
        <test-method status="PASS" signature="teardown()[pri:0, instance:com.qa.testcases.test_checkout@26653222]" name="teardown" is-config="true" duration-ms="2135" started-at="2020-10-29T09:46:14Z" finished-at="2020-10-29T09:46:16Z">
          <reporter-output>
          </reporter-output>
        </test-method> <!-- teardown -->
      </class> <!-- com.qa.testcases.test_checkout -->
    </test> <!-- Default test -->
  </suite> <!-- Default suite -->
</testng-results>
